{"/home/diginow/git/node-ipc/node-ipc.js":{"path":"/home/diginow/git/node-ipc/node-ipc.js","s":{"1":1,"2":1,"3":1,"4":1},"b":{},"f":{"1":1},"fnMap":{"1":{"name":"(anonymous_1)","line":6,"loc":{"start":{"line":6,"column":15},"end":{"line":6,"column":17}}}},"statementMap":{"1":{"start":{"line":3,"column":0},"end":{"line":3,"column":41}},"2":{"start":{"line":7,"column":8},"end":{"line":7,"column":16}},"3":{"start":{"line":9,"column":8},"end":{"line":17,"column":9}},"4":{"start":{"line":21,"column":0},"end":{"line":21,"column":29}}},"branchMap":{}},"/home/diginow/git/node-ipc/services/IPC.js":{"path":"/home/diginow/git/node-ipc/services/IPC.js","s":{"1":1,"2":1,"3":1,"4":122,"5":0,"6":122,"7":122,"8":392,"9":355,"10":37,"11":122,"12":1,"13":7,"14":0,"15":7,"16":7,"17":7,"18":7,"19":7,"20":7,"21":1,"22":1,"23":0,"24":0,"25":1,"26":0,"27":0,"28":1,"29":0,"30":1,"31":1,"32":1,"33":1,"34":3,"35":1,"36":1,"37":1,"38":1,"39":3,"40":1,"41":1,"42":1,"43":1,"44":3,"45":2,"46":2,"47":3,"48":0,"49":0,"50":0,"51":0,"52":3,"53":0,"54":0,"55":0,"56":3,"57":0,"58":0,"59":0,"60":3,"61":1,"62":1,"63":3,"64":0,"65":0,"66":3,"67":0,"68":3,"69":3,"70":2,"71":2,"72":0,"73":3,"74":1,"75":4,"76":2,"77":2,"78":4,"79":0,"80":4,"81":0,"82":0,"83":4,"84":2,"85":2,"86":4,"87":0,"88":0,"89":0,"90":0,"91":0,"92":4,"93":4,"94":4,"95":4,"96":4,"97":1,"98":3,"99":0,"100":0,"101":3,"102":3,"103":3,"104":3,"105":3,"106":0,"107":0,"108":0,"109":3,"110":3,"111":3,"112":3,"113":0,"114":0,"115":3,"116":0,"117":0,"118":3,"119":0,"120":0,"121":3,"122":0,"123":3,"124":0,"125":0,"126":0,"127":0,"128":0,"129":3,"130":3,"131":3,"132":3,"133":3,"134":3,"135":1},"b":{"1":[0,122],"2":[355,37],"3":[0,7],"4":[7,0],"5":[7,0],"6":[0,1],"7":[0,1],"8":[0,1],"9":[1,2],"10":[1,2],"11":[2,1],"12":[0,3],"13":[3,3],"14":[0,3],"15":[0,3],"16":[1,2],"17":[0,3],"18":[0,3],"19":[2,1],"20":[0,2],"21":[2,1],"22":[2,2],"23":[0,4],"24":[0,4],"25":[2,2],"26":[0,4],"27":[0,0],"28":[0,3],"29":[3,0],"30":[0,3],"31":[3,0],"32":[0,3],"33":[0,3],"34":[0,3],"35":[0,3],"36":[0,3],"37":[0,0]},"f":{"1":1,"2":122,"3":7,"4":1,"5":0,"6":3,"7":4,"8":3},"fnMap":{"1":{"name":"(anonymous_1)","line":9,"loc":{"start":{"line":9,"column":15},"end":{"line":9,"column":17}}},"2":{"name":"log","line":64,"loc":{"start":{"line":64,"column":0},"end":{"line":64,"column":14}}},"3":{"name":"disconnect","line":90,"loc":{"start":{"line":90,"column":0},"end":{"line":90,"column":23}}},"4":{"name":"serve","line":107,"loc":{"start":{"line":107,"column":0},"end":{"line":107,"column":29}}},"5":{"name":"emptyCallback","line":137,"loc":{"start":{"line":137,"column":0},"end":{"line":137,"column":24}}},"6":{"name":"serveNet","line":141,"loc":{"start":{"line":141,"column":0},"end":{"line":141,"column":45}}},"7":{"name":"connect","line":218,"loc":{"start":{"line":218,"column":0},"end":{"line":218,"column":34}}},"8":{"name":"connectNet","line":267,"loc":{"start":{"line":267,"column":0},"end":{"line":267,"column":42}}}},"statementMap":{"1":{"start":{"line":3,"column":0},"end":{"line":6,"column":27}},"2":{"start":{"line":10,"column":8},"end":{"line":60,"column":10}},"3":{"start":{"line":64,"column":0},"end":{"line":88,"column":1}},"4":{"start":{"line":65,"column":4},"end":{"line":67,"column":5}},"5":{"start":{"line":66,"column":8},"end":{"line":66,"column":15}},"6":{"start":{"line":69,"column":4},"end":{"line":69,"column":53}},"7":{"start":{"line":71,"column":4},"end":{"line":83,"column":5}},"8":{"start":{"line":72,"column":8},"end":{"line":74,"column":9}},"9":{"start":{"line":73,"column":12},"end":{"line":73,"column":21}},"10":{"start":{"line":76,"column":8},"end":{"line":82,"column":10}},"11":{"start":{"line":85,"column":4},"end":{"line":87,"column":6}},"12":{"start":{"line":90,"column":0},"end":{"line":105,"column":1}},"13":{"start":{"line":91,"column":4},"end":{"line":93,"column":5}},"14":{"start":{"line":92,"column":8},"end":{"line":92,"column":15}},"15":{"start":{"line":95,"column":4},"end":{"line":95,"column":44}},"16":{"start":{"line":97,"column":4},"end":{"line":97,"column":29}},"17":{"start":{"line":98,"column":4},"end":{"line":102,"column":5}},"18":{"start":{"line":99,"column":8},"end":{"line":101,"column":9}},"19":{"start":{"line":100,"column":12},"end":{"line":100,"column":41}},"20":{"start":{"line":104,"column":4},"end":{"line":104,"column":23}},"21":{"start":{"line":107,"column":0},"end":{"line":135,"column":1}},"22":{"start":{"line":108,"column":4},"end":{"line":111,"column":5}},"23":{"start":{"line":109,"column":8},"end":{"line":109,"column":22}},"24":{"start":{"line":110,"column":8},"end":{"line":110,"column":19}},"25":{"start":{"line":112,"column":4},"end":{"line":119,"column":5}},"26":{"start":{"line":113,"column":8},"end":{"line":117,"column":10}},"27":{"start":{"line":118,"column":8},"end":{"line":118,"column":72}},"28":{"start":{"line":121,"column":4},"end":{"line":123,"column":5}},"29":{"start":{"line":122,"column":8},"end":{"line":122,"column":31}},"30":{"start":{"line":125,"column":4},"end":{"line":129,"column":6}},"31":{"start":{"line":131,"column":4},"end":{"line":134,"column":6}},"32":{"start":{"line":137,"column":0},"end":{"line":139,"column":1}},"33":{"start":{"line":141,"column":0},"end":{"line":216,"column":1}},"34":{"start":{"line":142,"column":4},"end":{"line":147,"column":5}},"35":{"start":{"line":143,"column":8},"end":{"line":143,"column":25}},"36":{"start":{"line":144,"column":8},"end":{"line":144,"column":21}},"37":{"start":{"line":145,"column":8},"end":{"line":145,"column":18}},"38":{"start":{"line":146,"column":8},"end":{"line":146,"column":19}},"39":{"start":{"line":148,"column":4},"end":{"line":153,"column":5}},"40":{"start":{"line":149,"column":8},"end":{"line":149,"column":22}},"41":{"start":{"line":150,"column":8},"end":{"line":150,"column":22}},"42":{"start":{"line":151,"column":8},"end":{"line":151,"column":19}},"43":{"start":{"line":152,"column":8},"end":{"line":152,"column":19}},"44":{"start":{"line":154,"column":4},"end":{"line":161,"column":5}},"45":{"start":{"line":155,"column":8},"end":{"line":159,"column":10}},"46":{"start":{"line":160,"column":8},"end":{"line":160,"column":37}},"47":{"start":{"line":162,"column":4},"end":{"line":167,"column":5}},"48":{"start":{"line":163,"column":8},"end":{"line":163,"column":22}},"49":{"start":{"line":164,"column":8},"end":{"line":164,"column":35}},"50":{"start":{"line":165,"column":8},"end":{"line":165,"column":19}},"51":{"start":{"line":166,"column":8},"end":{"line":166,"column":37}},"52":{"start":{"line":169,"column":4},"end":{"line":173,"column":5}},"53":{"start":{"line":170,"column":8},"end":{"line":170,"column":25}},"54":{"start":{"line":171,"column":8},"end":{"line":171,"column":21}},"55":{"start":{"line":172,"column":8},"end":{"line":172,"column":19}},"56":{"start":{"line":174,"column":4},"end":{"line":178,"column":5}},"57":{"start":{"line":175,"column":8},"end":{"line":175,"column":22}},"58":{"start":{"line":176,"column":8},"end":{"line":176,"column":22}},"59":{"start":{"line":177,"column":8},"end":{"line":177,"column":19}},"60":{"start":{"line":179,"column":4},"end":{"line":186,"column":5}},"61":{"start":{"line":180,"column":8},"end":{"line":184,"column":10}},"62":{"start":{"line":185,"column":8},"end":{"line":185,"column":37}},"63":{"start":{"line":188,"column":4},"end":{"line":191,"column":5}},"64":{"start":{"line":189,"column":8},"end":{"line":189,"column":25}},"65":{"start":{"line":190,"column":8},"end":{"line":190,"column":22}},"66":{"start":{"line":193,"column":4},"end":{"line":195,"column":5}},"67":{"start":{"line":194,"column":8},"end":{"line":194,"column":31}},"68":{"start":{"line":197,"column":4},"end":{"line":202,"column":6}},"69":{"start":{"line":204,"column":4},"end":{"line":210,"column":5}},"70":{"start":{"line":205,"column":8},"end":{"line":205,"column":34}},"71":{"start":{"line":206,"column":8},"end":{"line":209,"column":9}},"72":{"start":{"line":208,"column":12},"end":{"line":208,"column":43}},"73":{"start":{"line":212,"column":4},"end":{"line":215,"column":6}},"74":{"start":{"line":218,"column":0},"end":{"line":265,"column":1}},"75":{"start":{"line":219,"column":4},"end":{"line":222,"column":5}},"76":{"start":{"line":220,"column":8},"end":{"line":220,"column":22}},"77":{"start":{"line":221,"column":8},"end":{"line":221,"column":19}},"78":{"start":{"line":224,"column":4},"end":{"line":226,"column":5}},"79":{"start":{"line":225,"column":8},"end":{"line":225,"column":31}},"80":{"start":{"line":228,"column":4},"end":{"line":234,"column":5}},"81":{"start":{"line":229,"column":8},"end":{"line":232,"column":10}},"82":{"start":{"line":233,"column":8},"end":{"line":233,"column":15}},"83":{"start":{"line":236,"column":4},"end":{"line":243,"column":5}},"84":{"start":{"line":237,"column":8},"end":{"line":241,"column":10}},"85":{"start":{"line":242,"column":8},"end":{"line":242,"column":60}},"86":{"start":{"line":245,"column":4},"end":{"line":256,"column":5}},"87":{"start":{"line":246,"column":8},"end":{"line":254,"column":9}},"88":{"start":{"line":247,"column":12},"end":{"line":251,"column":14}},"89":{"start":{"line":252,"column":12},"end":{"line":252,"column":23}},"90":{"start":{"line":253,"column":12},"end":{"line":253,"column":19}},"91":{"start":{"line":255,"column":8},"end":{"line":255,"column":37}},"92":{"start":{"line":258,"column":4},"end":{"line":258,"column":51}},"93":{"start":{"line":259,"column":4},"end":{"line":259,"column":24}},"94":{"start":{"line":260,"column":4},"end":{"line":260,"column":28}},"95":{"start":{"line":262,"column":4},"end":{"line":262,"column":26}},"96":{"start":{"line":264,"column":4},"end":{"line":264,"column":19}},"97":{"start":{"line":267,"column":0},"end":{"line":336,"column":1}},"98":{"start":{"line":268,"column":4},"end":{"line":274,"column":5}},"99":{"start":{"line":269,"column":8},"end":{"line":272,"column":10}},"100":{"start":{"line":273,"column":8},"end":{"line":273,"column":15}},"101":{"start":{"line":275,"column":4},"end":{"line":279,"column":5}},"102":{"start":{"line":276,"column":8},"end":{"line":276,"column":22}},"103":{"start":{"line":277,"column":8},"end":{"line":277,"column":18}},"104":{"start":{"line":278,"column":8},"end":{"line":278,"column":19}},"105":{"start":{"line":280,"column":4},"end":{"line":284,"column":5}},"106":{"start":{"line":281,"column":8},"end":{"line":281,"column":22}},"107":{"start":{"line":282,"column":8},"end":{"line":282,"column":19}},"108":{"start":{"line":283,"column":8},"end":{"line":283,"column":19}},"109":{"start":{"line":285,"column":4},"end":{"line":292,"column":5}},"110":{"start":{"line":286,"column":8},"end":{"line":290,"column":10}},"111":{"start":{"line":291,"column":8},"end":{"line":291,"column":37}},"112":{"start":{"line":294,"column":4},"end":{"line":297,"column":5}},"113":{"start":{"line":295,"column":8},"end":{"line":295,"column":22}},"114":{"start":{"line":296,"column":8},"end":{"line":296,"column":19}},"115":{"start":{"line":298,"column":4},"end":{"line":305,"column":5}},"116":{"start":{"line":299,"column":8},"end":{"line":303,"column":10}},"117":{"start":{"line":304,"column":8},"end":{"line":304,"column":37}},"118":{"start":{"line":307,"column":4},"end":{"line":310,"column":5}},"119":{"start":{"line":308,"column":8},"end":{"line":308,"column":25}},"120":{"start":{"line":309,"column":8},"end":{"line":309,"column":23}},"121":{"start":{"line":311,"column":4},"end":{"line":313,"column":5}},"122":{"start":{"line":312,"column":8},"end":{"line":312,"column":31}},"123":{"start":{"line":315,"column":4},"end":{"line":326,"column":5}},"124":{"start":{"line":316,"column":8},"end":{"line":324,"column":9}},"125":{"start":{"line":317,"column":12},"end":{"line":321,"column":14}},"126":{"start":{"line":322,"column":12},"end":{"line":322,"column":23}},"127":{"start":{"line":323,"column":12},"end":{"line":323,"column":19}},"128":{"start":{"line":325,"column":8},"end":{"line":325,"column":37}},"129":{"start":{"line":328,"column":4},"end":{"line":328,"column":51}},"130":{"start":{"line":329,"column":4},"end":{"line":329,"column":24}},"131":{"start":{"line":330,"column":4},"end":{"line":330,"column":28}},"132":{"start":{"line":331,"column":4},"end":{"line":331,"column":28}},"133":{"start":{"line":333,"column":4},"end":{"line":333,"column":26}},"134":{"start":{"line":335,"column":4},"end":{"line":335,"column":19}},"135":{"start":{"line":338,"column":0},"end":{"line":338,"column":19}}},"branchMap":{"1":{"line":65,"type":"if","locations":[{"start":{"line":65,"column":4},"end":{"line":65,"column":4}},{"start":{"line":65,"column":4},"end":{"line":65,"column":4}}]},"2":{"line":72,"type":"if","locations":[{"start":{"line":72,"column":8},"end":{"line":72,"column":8}},{"start":{"line":72,"column":8},"end":{"line":72,"column":8}}]},"3":{"line":91,"type":"if","locations":[{"start":{"line":91,"column":4},"end":{"line":91,"column":4}},{"start":{"line":91,"column":4},"end":{"line":91,"column":4}}]},"4":{"line":98,"type":"if","locations":[{"start":{"line":98,"column":4},"end":{"line":98,"column":4}},{"start":{"line":98,"column":4},"end":{"line":98,"column":4}}]},"5":{"line":99,"type":"if","locations":[{"start":{"line":99,"column":8},"end":{"line":99,"column":8}},{"start":{"line":99,"column":8},"end":{"line":99,"column":8}}]},"6":{"line":108,"type":"if","locations":[{"start":{"line":108,"column":4},"end":{"line":108,"column":4}},{"start":{"line":108,"column":4},"end":{"line":108,"column":4}}]},"7":{"line":112,"type":"if","locations":[{"start":{"line":112,"column":4},"end":{"line":112,"column":4}},{"start":{"line":112,"column":4},"end":{"line":112,"column":4}}]},"8":{"line":121,"type":"if","locations":[{"start":{"line":121,"column":4},"end":{"line":121,"column":4}},{"start":{"line":121,"column":4},"end":{"line":121,"column":4}}]},"9":{"line":142,"type":"if","locations":[{"start":{"line":142,"column":4},"end":{"line":142,"column":4}},{"start":{"line":142,"column":4},"end":{"line":142,"column":4}}]},"10":{"line":148,"type":"if","locations":[{"start":{"line":148,"column":4},"end":{"line":148,"column":4}},{"start":{"line":148,"column":4},"end":{"line":148,"column":4}}]},"11":{"line":154,"type":"if","locations":[{"start":{"line":154,"column":4},"end":{"line":154,"column":4}},{"start":{"line":154,"column":4},"end":{"line":154,"column":4}}]},"12":{"line":162,"type":"if","locations":[{"start":{"line":162,"column":4},"end":{"line":162,"column":4}},{"start":{"line":162,"column":4},"end":{"line":162,"column":4}}]},"13":{"line":162,"type":"binary-expr","locations":[{"start":{"line":162,"column":7},"end":{"line":162,"column":33}},{"start":{"line":162,"column":37},"end":{"line":162,"column":63}}]},"14":{"line":169,"type":"if","locations":[{"start":{"line":169,"column":4},"end":{"line":169,"column":4}},{"start":{"line":169,"column":4},"end":{"line":169,"column":4}}]},"15":{"line":174,"type":"if","locations":[{"start":{"line":174,"column":4},"end":{"line":174,"column":4}},{"start":{"line":174,"column":4},"end":{"line":174,"column":4}}]},"16":{"line":179,"type":"if","locations":[{"start":{"line":179,"column":4},"end":{"line":179,"column":4}},{"start":{"line":179,"column":4},"end":{"line":179,"column":4}}]},"17":{"line":188,"type":"if","locations":[{"start":{"line":188,"column":4},"end":{"line":188,"column":4}},{"start":{"line":188,"column":4},"end":{"line":188,"column":4}}]},"18":{"line":193,"type":"if","locations":[{"start":{"line":193,"column":4},"end":{"line":193,"column":4}},{"start":{"line":193,"column":4},"end":{"line":193,"column":4}}]},"19":{"line":204,"type":"if","locations":[{"start":{"line":204,"column":4},"end":{"line":204,"column":4}},{"start":{"line":204,"column":4},"end":{"line":204,"column":4}}]},"20":{"line":206,"type":"if","locations":[{"start":{"line":206,"column":8},"end":{"line":206,"column":8}},{"start":{"line":206,"column":8},"end":{"line":206,"column":8}}]},"21":{"line":206,"type":"binary-expr","locations":[{"start":{"line":206,"column":11},"end":{"line":206,"column":29}},{"start":{"line":206,"column":33},"end":{"line":206,"column":47}}]},"22":{"line":219,"type":"if","locations":[{"start":{"line":219,"column":4},"end":{"line":219,"column":4}},{"start":{"line":219,"column":4},"end":{"line":219,"column":4}}]},"23":{"line":224,"type":"if","locations":[{"start":{"line":224,"column":4},"end":{"line":224,"column":4}},{"start":{"line":224,"column":4},"end":{"line":224,"column":4}}]},"24":{"line":228,"type":"if","locations":[{"start":{"line":228,"column":4},"end":{"line":228,"column":4}},{"start":{"line":228,"column":4},"end":{"line":228,"column":4}}]},"25":{"line":236,"type":"if","locations":[{"start":{"line":236,"column":4},"end":{"line":236,"column":4}},{"start":{"line":236,"column":4},"end":{"line":236,"column":4}}]},"26":{"line":245,"type":"if","locations":[{"start":{"line":245,"column":4},"end":{"line":245,"column":4}},{"start":{"line":245,"column":4},"end":{"line":245,"column":4}}]},"27":{"line":246,"type":"if","locations":[{"start":{"line":246,"column":8},"end":{"line":246,"column":8}},{"start":{"line":246,"column":8},"end":{"line":246,"column":8}}]},"28":{"line":268,"type":"if","locations":[{"start":{"line":268,"column":4},"end":{"line":268,"column":4}},{"start":{"line":268,"column":4},"end":{"line":268,"column":4}}]},"29":{"line":275,"type":"if","locations":[{"start":{"line":275,"column":4},"end":{"line":275,"column":4}},{"start":{"line":275,"column":4},"end":{"line":275,"column":4}}]},"30":{"line":280,"type":"if","locations":[{"start":{"line":280,"column":4},"end":{"line":280,"column":4}},{"start":{"line":280,"column":4},"end":{"line":280,"column":4}}]},"31":{"line":285,"type":"if","locations":[{"start":{"line":285,"column":4},"end":{"line":285,"column":4}},{"start":{"line":285,"column":4},"end":{"line":285,"column":4}}]},"32":{"line":294,"type":"if","locations":[{"start":{"line":294,"column":4},"end":{"line":294,"column":4}},{"start":{"line":294,"column":4},"end":{"line":294,"column":4}}]},"33":{"line":298,"type":"if","locations":[{"start":{"line":298,"column":4},"end":{"line":298,"column":4}},{"start":{"line":298,"column":4},"end":{"line":298,"column":4}}]},"34":{"line":307,"type":"if","locations":[{"start":{"line":307,"column":4},"end":{"line":307,"column":4}},{"start":{"line":307,"column":4},"end":{"line":307,"column":4}}]},"35":{"line":311,"type":"if","locations":[{"start":{"line":311,"column":4},"end":{"line":311,"column":4}},{"start":{"line":311,"column":4},"end":{"line":311,"column":4}}]},"36":{"line":315,"type":"if","locations":[{"start":{"line":315,"column":4},"end":{"line":315,"column":4}},{"start":{"line":315,"column":4},"end":{"line":315,"column":4}}]},"37":{"line":316,"type":"if","locations":[{"start":{"line":316,"column":8},"end":{"line":316,"column":8}},{"start":{"line":316,"column":8},"end":{"line":316,"column":8}}]}}},"/home/diginow/git/node-ipc/entities/Defaults.js":{"path":"/home/diginow/git/node-ipc/entities/Defaults.js","s":{"1":1,"2":3,"3":3,"4":3,"5":3,"6":3,"7":3,"8":3,"9":3,"10":3,"11":3,"12":3,"13":3,"14":3,"15":3,"16":3,"17":3,"18":3,"19":3,"20":3,"21":3,"22":1,"23":3,"24":3,"25":3,"26":0,"27":3,"28":1},"b":{"1":[0,3],"2":[0,3],"3":[3,3,0]},"f":{"1":3,"2":3},"fnMap":{"1":{"name":"(anonymous_1)","line":22,"loc":{"start":{"line":22,"column":15},"end":{"line":22,"column":17}}},"2":{"name":"getIPType","line":65,"loc":{"start":{"line":65,"column":0},"end":{"line":65,"column":21}}}},"statementMap":{"1":{"start":{"line":9,"column":0},"end":{"line":9,"column":25}},"2":{"start":{"line":24,"column":8},"end":{"line":24,"column":29}},"3":{"start":{"line":25,"column":8},"end":{"line":25,"column":32}},"4":{"start":{"line":26,"column":8},"end":{"line":26,"column":30}},"5":{"start":{"line":28,"column":8},"end":{"line":28,"column":29}},"6":{"start":{"line":29,"column":8},"end":{"line":29,"column":29}},"7":{"start":{"line":30,"column":8},"end":{"line":30,"column":24}},"8":{"start":{"line":32,"column":8},"end":{"line":32,"column":28}},"9":{"start":{"line":34,"column":8},"end":{"line":34,"column":26}},"10":{"start":{"line":35,"column":8},"end":{"line":35,"column":24}},"11":{"start":{"line":36,"column":8},"end":{"line":36,"column":29}},"12":{"start":{"line":37,"column":8},"end":{"line":37,"column":46}},"13":{"start":{"line":39,"column":8},"end":{"line":39,"column":32}},"14":{"start":{"line":40,"column":8},"end":{"line":40,"column":23}},"15":{"start":{"line":41,"column":8},"end":{"line":41,"column":33}},"16":{"start":{"line":42,"column":8},"end":{"line":42,"column":32}},"17":{"start":{"line":44,"column":8},"end":{"line":44,"column":32}},"18":{"start":{"line":45,"column":8},"end":{"line":45,"column":23}},"19":{"start":{"line":46,"column":8},"end":{"line":46,"column":73}},"20":{"start":{"line":47,"column":8},"end":{"line":47,"column":32}},"21":{"start":{"line":49,"column":8},"end":{"line":55,"column":9}},"22":{"start":{"line":65,"column":0},"end":{"line":77,"column":1}},"23":{"start":{"line":66,"column":4},"end":{"line":66,"column":53}},"24":{"start":{"line":67,"column":4},"end":{"line":67,"column":20}},"25":{"start":{"line":68,"column":4},"end":{"line":75,"column":5}},"26":{"start":{"line":72,"column":8},"end":{"line":74,"column":20}},"27":{"start":{"line":76,"column":4},"end":{"line":76,"column":18}},"28":{"start":{"line":79,"column":0},"end":{"line":79,"column":24}}},"branchMap":{"1":{"line":46,"type":"cond-expr","locations":[{"start":{"line":46,"column":53},"end":{"line":46,"column":58}},{"start":{"line":46,"column":61},"end":{"line":46,"column":72}}]},"2":{"line":68,"type":"if","locations":[{"start":{"line":68,"column":4},"end":{"line":68,"column":4}},{"start":{"line":68,"column":4},"end":{"line":68,"column":4}}]},"3":{"line":68,"type":"binary-expr","locations":[{"start":{"line":68,"column":8},"end":{"line":68,"column":25}},{"start":{"line":69,"column":11},"end":{"line":69,"column":43}},{"start":{"line":70,"column":11},"end":{"line":70,"column":39}}]}}},"/home/diginow/git/node-ipc/dao/client.js":{"path":"/home/diginow/git/node-ipc/dao/client.js","s":{"1":1,"2":1,"3":1,"4":1,"5":1,"6":7,"7":7,"8":7,"9":1,"10":7,"11":7,"12":7,"13":7,"14":7,"15":0,"16":7,"17":7,"18":1,"19":1,"20":6,"21":1,"22":6,"23":6,"24":1,"25":13,"26":13,"27":13,"28":0,"29":0,"30":13,"31":13,"32":7,"33":7,"34":7,"35":0,"36":0,"37":0,"38":7,"39":6,"40":6,"41":6,"42":0,"43":6,"44":0,"45":6,"46":0,"47":6,"48":0,"49":6,"50":0,"51":6,"52":6,"53":6,"54":0,"55":0,"56":0,"57":0,"58":0,"59":0,"60":0,"61":0,"62":0,"63":0,"64":0,"65":0,"66":0,"67":13,"68":13,"69":10,"70":10,"71":13,"72":3,"73":3,"74":3,"75":13,"76":13,"77":13,"78":7,"79":7,"80":7,"81":7,"82":7,"83":7,"84":6,"85":6,"86":6,"87":6,"88":13,"89":7,"90":7,"91":0,"92":0,"93":0,"94":0,"95":0,"96":7,"97":7,"98":7,"99":7,"100":0,"101":0,"102":7,"103":7,"104":7,"105":7,"106":7,"107":7,"108":7,"109":7,"110":7,"111":0,"112":7,"113":1},"b":{"1":[1,0],"2":[7,0],"3":[0,7],"4":[1,6],"5":[0,13],"6":[7,6],"7":[0,7],"8":[7,0],"9":[0,6],"10":[0,6],"11":[0,6],"12":[0,6],"13":[0,6],"14":[6,0],"15":[0,0],"16":[0,0],"17":[0,0],"18":[0,0],"19":[7,6],"20":[13,8,6],"21":[0,7],"22":[0,0],"23":[7,0],"24":[0,7],"25":[7,7],"26":[0,7]},"f":{"1":7,"2":7,"3":6,"4":13,"5":10,"6":3,"7":13,"8":6,"9":7},"fnMap":{"1":{"name":"(anonymous_1)","line":18,"loc":{"start":{"line":18,"column":15},"end":{"line":18,"column":27}}},"2":{"name":"emit","line":39,"loc":{"start":{"line":39,"column":0},"end":{"line":39,"column":24}}},"3":{"name":"syncEmit","line":62,"loc":{"start":{"line":62,"column":0},"end":{"line":62,"column":26}}},"4":{"name":"connect","line":67,"loc":{"start":{"line":67,"column":0},"end":{"line":67,"column":18}}},"5":{"name":"(anonymous_5)","line":150,"loc":{"start":{"line":150,"column":8},"end":{"line":150,"column":21}}},"6":{"name":"connectionMade","line":159,"loc":{"start":{"line":159,"column":8},"end":{"line":159,"column":33}}},"7":{"name":"connectionClosed","line":168,"loc":{"start":{"line":168,"column":8},"end":{"line":168,"column":35}}},"8":{"name":"retryTimeout","line":194,"loc":{"start":{"line":194,"column":16},"end":{"line":194,"column":39}}},"9":{"name":"(anonymous_9)","line":207,"loc":{"start":{"line":207,"column":8},"end":{"line":207,"column":23}}}},"statementMap":{"1":{"start":{"line":3,"column":0},"end":{"line":8,"column":32}},"2":{"start":{"line":10,"column":0},"end":{"line":10,"column":41}},"3":{"start":{"line":11,"column":0},"end":{"line":13,"column":1}},"4":{"start":{"line":12,"column":4},"end":{"line":12,"column":37}},"5":{"start":{"line":15,"column":0},"end":{"line":15,"column":36}},"6":{"start":{"line":19,"column":8},"end":{"line":19,"column":16}},"7":{"start":{"line":20,"column":8},"end":{"line":33,"column":10}},"8":{"start":{"line":35,"column":8},"end":{"line":35,"column":49}},"9":{"start":{"line":39,"column":0},"end":{"line":60,"column":1}},"10":{"start":{"line":40,"column":4},"end":{"line":40,"column":82}},"11":{"start":{"line":42,"column":4},"end":{"line":42,"column":28}},"12":{"start":{"line":43,"column":4},"end":{"line":43,"column":22}},"13":{"start":{"line":44,"column":4},"end":{"line":44,"column":22}},"14":{"start":{"line":46,"column":4},"end":{"line":50,"column":5}},"15":{"start":{"line":47,"column":8},"end":{"line":47,"column":54}},"16":{"start":{"line":49,"column":8},"end":{"line":49,"column":44}},"17":{"start":{"line":52,"column":4},"end":{"line":55,"column":5}},"18":{"start":{"line":53,"column":8},"end":{"line":53,"column":35}},"19":{"start":{"line":54,"column":8},"end":{"line":54,"column":15}},"20":{"start":{"line":57,"column":4},"end":{"line":59,"column":6}},"21":{"start":{"line":62,"column":0},"end":{"line":65,"column":1}},"22":{"start":{"line":63,"column":4},"end":{"line":63,"column":74}},"23":{"start":{"line":64,"column":4},"end":{"line":64,"column":31}},"24":{"start":{"line":67,"column":0},"end":{"line":255,"column":1}},"25":{"start":{"line":69,"column":4},"end":{"line":69,"column":20}},"26":{"start":{"line":71,"column":4},"end":{"line":71,"column":67}},"27":{"start":{"line":72,"column":4},"end":{"line":75,"column":5}},"28":{"start":{"line":73,"column":8},"end":{"line":73,"column":119}},"29":{"start":{"line":74,"column":8},"end":{"line":74,"column":15}},"30":{"start":{"line":77,"column":4},"end":{"line":77,"column":21}},"31":{"start":{"line":79,"column":4},"end":{"line":144,"column":5}},"32":{"start":{"line":80,"column":8},"end":{"line":80,"column":70}},"33":{"start":{"line":82,"column":8},"end":{"line":82,"column":33}},"34":{"start":{"line":84,"column":8},"end":{"line":88,"column":9}},"35":{"start":{"line":85,"column":12},"end":{"line":85,"column":59}},"36":{"start":{"line":86,"column":12},"end":{"line":86,"column":60}},"37":{"start":{"line":87,"column":12},"end":{"line":87,"column":57}},"38":{"start":{"line":90,"column":8},"end":{"line":90,"column":45}},"39":{"start":{"line":92,"column":8},"end":{"line":92,"column":33}},"40":{"start":{"line":93,"column":8},"end":{"line":93,"column":33}},"41":{"start":{"line":95,"column":8},"end":{"line":97,"column":9}},"42":{"start":{"line":96,"column":10},"end":{"line":96,"column":68}},"43":{"start":{"line":99,"column":8},"end":{"line":101,"column":9}},"44":{"start":{"line":100,"column":10},"end":{"line":100,"column":62}},"45":{"start":{"line":103,"column":8},"end":{"line":105,"column":9}},"46":{"start":{"line":104,"column":10},"end":{"line":104,"column":56}},"47":{"start":{"line":107,"column":8},"end":{"line":109,"column":9}},"48":{"start":{"line":108,"column":10},"end":{"line":108,"column":54}},"49":{"start":{"line":111,"column":8},"end":{"line":113,"column":9}},"50":{"start":{"line":112,"column":10},"end":{"line":112,"column":56}},"51":{"start":{"line":115,"column":8},"end":{"line":143,"column":9}},"52":{"start":{"line":116,"column":12},"end":{"line":116,"column":64}},"53":{"start":{"line":117,"column":12},"end":{"line":117,"column":49}},"54":{"start":{"line":119,"column":12},"end":{"line":119,"column":99}},"55":{"start":{"line":120,"column":12},"end":{"line":122,"column":13}},"56":{"start":{"line":121,"column":16},"end":{"line":121,"column":81}},"57":{"start":{"line":123,"column":12},"end":{"line":125,"column":13}},"58":{"start":{"line":124,"column":16},"end":{"line":124,"column":81}},"59":{"start":{"line":126,"column":12},"end":{"line":136,"column":13}},"60":{"start":{"line":127,"column":16},"end":{"line":129,"column":17}},"61":{"start":{"line":128,"column":20},"end":{"line":128,"column":96}},"62":{"start":{"line":130,"column":16},"end":{"line":130,"column":40}},"63":{"start":{"line":131,"column":16},"end":{"line":135,"column":17}},"64":{"start":{"line":132,"column":20},"end":{"line":134,"column":22}},"65":{"start":{"line":138,"column":12},"end":{"line":138,"column":53}},"66":{"start":{"line":140,"column":12},"end":{"line":142,"column":14}},"67":{"start":{"line":146,"column":4},"end":{"line":146,"column":52}},"68":{"start":{"line":148,"column":4},"end":{"line":155,"column":6}},"69":{"start":{"line":151,"column":12},"end":{"line":151,"column":51}},"70":{"start":{"line":152,"column":12},"end":{"line":152,"column":41}},"71":{"start":{"line":157,"column":4},"end":{"line":164,"column":6}},"72":{"start":{"line":160,"column":12},"end":{"line":160,"column":38}},"73":{"start":{"line":161,"column":12},"end":{"line":161,"column":61}},"74":{"start":{"line":162,"column":12},"end":{"line":162,"column":41}},"75":{"start":{"line":166,"column":4},"end":{"line":203,"column":6}},"76":{"start":{"line":169,"column":12},"end":{"line":171,"column":10}},"77":{"start":{"line":173,"column":12},"end":{"line":191,"column":13}},"78":{"start":{"line":179,"column":16},"end":{"line":179,"column":45}},"79":{"start":{"line":180,"column":16},"end":{"line":184,"column":18}},"80":{"start":{"line":186,"column":16},"end":{"line":186,"column":40}},"81":{"start":{"line":187,"column":16},"end":{"line":187,"column":42}},"82":{"start":{"line":188,"column":16},"end":{"line":188,"column":33}},"83":{"start":{"line":190,"column":16},"end":{"line":190,"column":23}},"84":{"start":{"line":193,"column":12},"end":{"line":199,"column":14}},"85":{"start":{"line":195,"column":20},"end":{"line":195,"column":46}},"86":{"start":{"line":196,"column":20},"end":{"line":196,"column":37}},"87":{"start":{"line":201,"column":12},"end":{"line":201,"column":41}},"88":{"start":{"line":205,"column":4},"end":{"line":254,"column":6}},"89":{"start":{"line":208,"column":12},"end":{"line":208,"column":48}},"90":{"start":{"line":209,"column":12},"end":{"line":220,"column":13}},"91":{"start":{"line":210,"column":16},"end":{"line":213,"column":18}},"92":{"start":{"line":214,"column":16},"end":{"line":216,"column":17}},"93":{"start":{"line":215,"column":20},"end":{"line":215,"column":27}},"94":{"start":{"line":218,"column":16},"end":{"line":218,"column":36}},"95":{"start":{"line":219,"column":16},"end":{"line":219,"column":23}},"96":{"start":{"line":222,"column":12},"end":{"line":224,"column":13}},"97":{"start":{"line":223,"column":16},"end":{"line":223,"column":34}},"98":{"start":{"line":226,"column":12},"end":{"line":226,"column":40}},"99":{"start":{"line":228,"column":12},"end":{"line":231,"column":13}},"100":{"start":{"line":229,"column":16},"end":{"line":229,"column":93}},"101":{"start":{"line":230,"column":16},"end":{"line":230,"column":23}},"102":{"start":{"line":233,"column":12},"end":{"line":233,"column":30}},"103":{"start":{"line":235,"column":12},"end":{"line":235,"column":51}},"104":{"start":{"line":236,"column":12},"end":{"line":236,"column":41}},"105":{"start":{"line":237,"column":12},"end":{"line":246,"column":13}},"106":{"start":{"line":238,"column":16},"end":{"line":238,"column":40}},"107":{"start":{"line":239,"column":16},"end":{"line":239,"column":40}},"108":{"start":{"line":241,"column":16},"end":{"line":241,"column":73}},"109":{"start":{"line":242,"column":16},"end":{"line":245,"column":18}},"110":{"start":{"line":248,"column":12},"end":{"line":250,"column":13}},"111":{"start":{"line":249,"column":16},"end":{"line":249,"column":23}},"112":{"start":{"line":252,"column":12},"end":{"line":252,"column":32}},"113":{"start":{"line":257,"column":0},"end":{"line":257,"column":22}}},"branchMap":{"1":{"line":11,"type":"if","locations":[{"start":{"line":11,"column":0},"end":{"line":11,"column":0}},{"start":{"line":11,"column":0},"end":{"line":11,"column":0}}]},"2":{"line":30,"type":"binary-expr","locations":[{"start":{"line":30,"column":33},"end":{"line":30,"column":50}},{"start":{"line":30,"column":52},"end":{"line":30,"column":53}}]},"3":{"line":46,"type":"if","locations":[{"start":{"line":46,"column":4},"end":{"line":46,"column":4}},{"start":{"line":46,"column":4},"end":{"line":46,"column":4}}]},"4":{"line":52,"type":"if","locations":[{"start":{"line":52,"column":4},"end":{"line":52,"column":4}},{"start":{"line":52,"column":4},"end":{"line":52,"column":4}}]},"5":{"line":72,"type":"if","locations":[{"start":{"line":72,"column":4},"end":{"line":72,"column":4}},{"start":{"line":72,"column":4},"end":{"line":72,"column":4}}]},"6":{"line":79,"type":"if","locations":[{"start":{"line":79,"column":4},"end":{"line":79,"column":4}},{"start":{"line":79,"column":4},"end":{"line":79,"column":4}}]},"7":{"line":84,"type":"if","locations":[{"start":{"line":84,"column":8},"end":{"line":84,"column":8}},{"start":{"line":84,"column":8},"end":{"line":84,"column":8}}]},"8":{"line":84,"type":"binary-expr","locations":[{"start":{"line":84,"column":12},"end":{"line":84,"column":39}},{"start":{"line":84,"column":43},"end":{"line":84,"column":83}}]},"9":{"line":95,"type":"if","locations":[{"start":{"line":95,"column":8},"end":{"line":95,"column":8}},{"start":{"line":95,"column":8},"end":{"line":95,"column":8}}]},"10":{"line":99,"type":"if","locations":[{"start":{"line":99,"column":8},"end":{"line":99,"column":8}},{"start":{"line":99,"column":8},"end":{"line":99,"column":8}}]},"11":{"line":103,"type":"if","locations":[{"start":{"line":103,"column":8},"end":{"line":103,"column":8}},{"start":{"line":103,"column":8},"end":{"line":103,"column":8}}]},"12":{"line":107,"type":"if","locations":[{"start":{"line":107,"column":8},"end":{"line":107,"column":8}},{"start":{"line":107,"column":8},"end":{"line":107,"column":8}}]},"13":{"line":111,"type":"if","locations":[{"start":{"line":111,"column":8},"end":{"line":111,"column":8}},{"start":{"line":111,"column":8},"end":{"line":111,"column":8}}]},"14":{"line":115,"type":"if","locations":[{"start":{"line":115,"column":8},"end":{"line":115,"column":8}},{"start":{"line":115,"column":8},"end":{"line":115,"column":8}}]},"15":{"line":120,"type":"if","locations":[{"start":{"line":120,"column":12},"end":{"line":120,"column":12}},{"start":{"line":120,"column":12},"end":{"line":120,"column":12}}]},"16":{"line":123,"type":"if","locations":[{"start":{"line":123,"column":12},"end":{"line":123,"column":12}},{"start":{"line":123,"column":12},"end":{"line":123,"column":12}}]},"17":{"line":126,"type":"if","locations":[{"start":{"line":126,"column":12},"end":{"line":126,"column":12}},{"start":{"line":126,"column":12},"end":{"line":126,"column":12}}]},"18":{"line":127,"type":"if","locations":[{"start":{"line":127,"column":16},"end":{"line":127,"column":16}},{"start":{"line":127,"column":16},"end":{"line":127,"column":16}}]},"19":{"line":173,"type":"if","locations":[{"start":{"line":173,"column":12},"end":{"line":173,"column":12}},{"start":{"line":173,"column":12},"end":{"line":173,"column":12}}]},"20":{"line":174,"type":"binary-expr","locations":[{"start":{"line":174,"column":16},"end":{"line":174,"column":42}},{"start":{"line":175,"column":16},"end":{"line":175,"column":41}},{"start":{"line":176,"column":16},"end":{"line":176,"column":45}}]},"21":{"line":209,"type":"if","locations":[{"start":{"line":209,"column":12},"end":{"line":209,"column":12}},{"start":{"line":209,"column":12},"end":{"line":209,"column":12}}]},"22":{"line":214,"type":"if","locations":[{"start":{"line":214,"column":16},"end":{"line":214,"column":16}},{"start":{"line":214,"column":16},"end":{"line":214,"column":16}}]},"23":{"line":222,"type":"if","locations":[{"start":{"line":222,"column":12},"end":{"line":222,"column":12}},{"start":{"line":222,"column":12},"end":{"line":222,"column":12}}]},"24":{"line":228,"type":"if","locations":[{"start":{"line":228,"column":12},"end":{"line":228,"column":12}},{"start":{"line":228,"column":12},"end":{"line":228,"column":12}}]},"25":{"line":228,"type":"binary-expr","locations":[{"start":{"line":228,"column":15},"end":{"line":228,"column":52}},{"start":{"line":228,"column":56},"end":{"line":228,"column":97}}]},"26":{"line":248,"type":"if","locations":[{"start":{"line":248,"column":12},"end":{"line":248,"column":12}},{"start":{"line":248,"column":12},"end":{"line":248,"column":12}}]}}},"/home/diginow/git/node-ipc/entities/EventParser.js":{"path":"/home/diginow/git/node-ipc/entities/EventParser.js","s":{"1":1,"2":13,"3":2,"4":13,"5":12,"6":3,"7":12,"8":0,"9":12,"10":12,"11":12,"12":12,"13":12,"14":1},"b":{"1":[2,11],"2":[3,9],"3":[12,3,3],"4":[0,12]},"f":{"1":13,"2":12,"3":12},"fnMap":{"1":{"name":"(anonymous_1)","line":6,"loc":{"start":{"line":6,"column":13},"end":{"line":6,"column":21}}},"2":{"name":"(anonymous_2)","line":13,"loc":{"start":{"line":13,"column":8},"end":{"line":13,"column":17}}},"3":{"name":"(anonymous_3)","line":25,"loc":{"start":{"line":25,"column":7},"end":{"line":25,"column":13}}}},"statementMap":{"1":{"start":{"line":3,"column":0},"end":{"line":3,"column":42}},"2":{"start":{"line":7,"column":4},"end":{"line":9,"column":5}},"3":{"start":{"line":8,"column":6},"end":{"line":8,"column":26}},"4":{"start":{"line":10,"column":4},"end":{"line":10,"column":36}},"5":{"start":{"line":14,"column":4},"end":{"line":16,"column":5}},"6":{"start":{"line":15,"column":8},"end":{"line":15,"column":24}},"7":{"start":{"line":17,"column":4},"end":{"line":19,"column":5}},"8":{"start":{"line":18,"column":8},"end":{"line":18,"column":24}},"9":{"start":{"line":21,"column":4},"end":{"line":21,"column":40}},"10":{"start":{"line":22,"column":4},"end":{"line":22,"column":19}},"11":{"start":{"line":26,"column":4},"end":{"line":26,"column":42}},"12":{"start":{"line":27,"column":4},"end":{"line":27,"column":17}},"13":{"start":{"line":28,"column":4},"end":{"line":28,"column":18}},"14":{"start":{"line":32,"column":0},"end":{"line":32,"column":22}}},"branchMap":{"1":{"line":7,"type":"if","locations":[{"start":{"line":7,"column":4},"end":{"line":7,"column":4}},{"start":{"line":7,"column":4},"end":{"line":7,"column":4}}]},"2":{"line":14,"type":"if","locations":[{"start":{"line":14,"column":4},"end":{"line":14,"column":4}},{"start":{"line":14,"column":4},"end":{"line":14,"column":4}}]},"3":{"line":14,"type":"binary-expr","locations":[{"start":{"line":14,"column":7},"end":{"line":14,"column":20}},{"start":{"line":14,"column":24},"end":{"line":14,"column":44}},{"start":{"line":14,"column":48},"end":{"line":14,"column":64}}]},"4":{"line":17,"type":"if","locations":[{"start":{"line":17,"column":4},"end":{"line":17,"column":4}},{"start":{"line":17,"column":4},"end":{"line":17,"column":4}}]}}},"/home/diginow/git/node-ipc/dao/socketServer.js":{"path":"/home/diginow/git/node-ipc/dao/socketServer.js","s":{"1":1,"2":1,"3":1,"4":1,"5":1,"6":4,"7":4,"8":4,"9":4,"10":4,"11":4,"12":4,"13":0,"14":0,"15":4,"16":1,"17":3,"18":3,"19":3,"20":3,"21":3,"22":0,"23":0,"24":3,"25":3,"26":2,"27":0,"28":0,"29":0,"30":2,"31":2,"32":1,"33":1,"34":1,"35":1,"36":1,"37":1,"38":1,"39":1,"40":1,"41":1,"42":2,"43":2,"44":2,"45":2,"46":0,"47":2,"48":2,"49":1,"50":2,"51":0,"52":0,"53":2,"54":3,"55":1,"56":2,"57":2,"58":2,"59":2,"60":0,"61":2,"62":0,"63":0,"64":0,"65":0,"66":0,"67":0,"68":0,"69":0,"70":2,"71":2,"72":0,"73":2,"74":2,"75":2,"76":1,"77":5,"78":5,"79":0,"80":0,"81":0,"82":5,"83":5,"84":5,"85":5,"86":0,"87":0,"88":5,"89":5,"90":5,"91":5,"92":5,"93":5,"94":3,"95":5,"96":2,"97":5,"98":3,"99":3,"100":3,"101":5,"102":5,"103":5,"104":1,"105":2,"106":1,"107":4,"108":4,"109":2,"110":4,"111":4,"112":4,"113":0,"114":0,"115":4,"116":4,"117":2,"118":0,"119":2,"120":2,"121":2,"122":0,"123":2,"124":2,"125":4,"126":4,"127":0,"128":1,"129":4,"130":4,"131":2,"132":2,"133":2,"134":0,"135":2,"136":2,"137":2,"138":2,"139":4,"140":0,"141":0,"142":4,"143":4,"144":1,"145":1,"146":0,"147":0,"148":0,"149":1,"150":1,"151":3,"152":1,"153":1,"154":1,"155":2,"156":2,"157":2,"158":1,"159":0,"160":0,"161":0,"162":0,"163":0,"164":0,"165":0,"166":0,"167":0,"168":0,"169":0,"170":0,"171":0,"172":0,"173":0,"174":0,"175":1,"176":2,"177":2,"178":2,"179":0,"180":0,"181":0,"182":1},"b":{"1":[1,0],"2":[0,4],"3":[0,3],"4":[2,1],"5":[3,2],"6":[0,2],"7":[2,2],"8":[1,0],"9":[0,2],"10":[0,2],"11":[2,2],"12":[0,2],"13":[2,2],"14":[0,2],"15":[0,0],"16":[0,0],"17":[0,0],"18":[0,2],"19":[2,2],"20":[2,3],"21":[5,4],"22":[0,5],"23":[5,0],"24":[0,5],"25":[5,5],"26":[3,2],"27":[2,3],"28":[5,5],"29":[3,2],"30":[2,2],"31":[0,2],"32":[0,2],"33":[0,4],"34":[3,1],"35":[2,2],"36":[4,3],"37":[2,0],"38":[1,1],"39":[1,3],"40":[0,1],"41":[1,2],"42":[3,2],"43":[0,1],"44":[1,1],"45":[0,0],"46":[0,0],"47":[0,0],"48":[0,0],"49":[0,0],"50":[0,2]},"f":{"1":4,"2":4,"3":4,"4":4,"5":3,"6":1,"7":1,"8":2,"9":2,"10":2,"11":5,"12":2,"13":4,"14":0,"15":2,"16":4,"17":2,"18":0,"19":0,"20":2,"21":2,"22":0},"fnMap":{"1":{"name":"(anonymous_1)","line":18,"loc":{"start":{"line":18,"column":15},"end":{"line":18,"column":37}}},"2":{"name":"(anonymous_2)","line":45,"loc":{"start":{"line":45,"column":11},"end":{"line":45,"column":19}}},"3":{"name":"(anonymous_3)","line":52,"loc":{"start":{"line":52,"column":8},"end":{"line":52,"column":10}}},"4":{"name":"(anonymous_4)","line":56,"loc":{"start":{"line":56,"column":9},"end":{"line":56,"column":11}}},"5":{"name":"emit","line":69,"loc":{"start":{"line":69,"column":0},"end":{"line":69,"column":33}}},"6":{"name":"broadcast","line":102,"loc":{"start":{"line":102,"column":0},"end":{"line":102,"column":29}}},"7":{"name":"broadcastGroup","line":109,"loc":{"start":{"line":109,"column":0},"end":{"line":109,"column":40}}},"8":{"name":"buildBroadcast","line":116,"loc":{"start":{"line":116,"column":0},"end":{"line":116,"column":34}}},"9":{"name":"sendBroadcast","line":130,"loc":{"start":{"line":130,"column":0},"end":{"line":130,"column":39}}},"10":{"name":"serverClosed","line":142,"loc":{"start":{"line":142,"column":0},"end":{"line":142,"column":23}}},"11":{"name":"gotData","line":179,"loc":{"start":{"line":179,"column":0},"end":{"line":179,"column":39}}},"12":{"name":"socketClosed","line":236,"loc":{"start":{"line":236,"column":0},"end":{"line":236,"column":29}}},"13":{"name":"serverCreated","line":243,"loc":{"start":{"line":243,"column":0},"end":{"line":243,"column":31}}},"14":{"name":"(anonymous_14)","line":258,"loc":{"start":{"line":258,"column":8},"end":{"line":258,"column":21}}},"15":{"name":"(anonymous_15)","line":272,"loc":{"start":{"line":272,"column":8},"end":{"line":272,"column":28}}},"16":{"name":"startServer","line":299,"loc":{"start":{"line":299,"column":0},"end":{"line":299,"column":23}}},"17":{"name":"UDPServerStarted","line":321,"loc":{"start":{"line":321,"column":12},"end":{"line":321,"column":40}}},"18":{"name":"(anonymous_18)","line":329,"loc":{"start":{"line":329,"column":8},"end":{"line":329,"column":21}}},"19":{"name":"startTLSServer","line":382,"loc":{"start":{"line":382,"column":0},"end":{"line":382,"column":25}}},"20":{"name":"UDPWrite","line":414,"loc":{"start":{"line":414,"column":0},"end":{"line":414,"column":33}}},"21":{"name":"(anonymous_21)","line":422,"loc":{"start":{"line":422,"column":8},"end":{"line":422,"column":29}}},"22":{"name":"(anonymous_22)","line":427,"loc":{"start":{"line":427,"column":20},"end":{"line":427,"column":33}}}},"statementMap":{"1":{"start":{"line":3,"column":0},"end":{"line":8,"column":36}},"2":{"start":{"line":10,"column":0},"end":{"line":10,"column":41}},"3":{"start":{"line":11,"column":0},"end":{"line":13,"column":1}},"4":{"start":{"line":12,"column":4},"end":{"line":12,"column":37}},"5":{"start":{"line":15,"column":0},"end":{"line":15,"column":36}},"6":{"start":{"line":19,"column":8},"end":{"line":19,"column":16}},"7":{"start":{"line":20,"column":8},"end":{"line":35,"column":10}},"8":{"start":{"line":37,"column":8},"end":{"line":37,"column":49}},"9":{"start":{"line":39,"column":8},"end":{"line":42,"column":10}},"10":{"start":{"line":46,"column":8},"end":{"line":49,"column":10}},"11":{"start":{"line":53,"column":8},"end":{"line":53,"column":28}},"12":{"start":{"line":57,"column":8},"end":{"line":60,"column":9}},"13":{"start":{"line":58,"column":12},"end":{"line":58,"column":76}},"14":{"start":{"line":59,"column":12},"end":{"line":59,"column":19}},"15":{"start":{"line":62,"column":8},"end":{"line":65,"column":10}},"16":{"start":{"line":69,"column":0},"end":{"line":100,"column":1}},"17":{"start":{"line":70,"column":4},"end":{"line":70,"column":63}},"18":{"start":{"line":72,"column":4},"end":{"line":72,"column":28}},"19":{"start":{"line":73,"column":4},"end":{"line":73,"column":22}},"20":{"start":{"line":74,"column":4},"end":{"line":74,"column":22}},"21":{"start":{"line":76,"column":4},"end":{"line":81,"column":5}},"22":{"start":{"line":77,"column":8},"end":{"line":77,"column":38}},"23":{"start":{"line":78,"column":8},"end":{"line":78,"column":54}},"24":{"start":{"line":80,"column":8},"end":{"line":80,"column":44}},"25":{"start":{"line":84,"column":4},"end":{"line":97,"column":5}},"26":{"start":{"line":86,"column":8},"end":{"line":90,"column":9}},"27":{"start":{"line":87,"column":12},"end":{"line":87,"column":166}},"28":{"start":{"line":88,"column":12},"end":{"line":88,"column":39}},"29":{"start":{"line":89,"column":12},"end":{"line":89,"column":19}},"30":{"start":{"line":92,"column":8},"end":{"line":95,"column":10}},"31":{"start":{"line":96,"column":8},"end":{"line":96,"column":15}},"32":{"start":{"line":99,"column":4},"end":{"line":99,"column":26}},"33":{"start":{"line":102,"column":0},"end":{"line":107,"column":1}},"34":{"start":{"line":103,"column":4},"end":{"line":103,"column":127}},"35":{"start":{"line":104,"column":4},"end":{"line":104,"column":55}},"36":{"start":{"line":106,"column":4},"end":{"line":106,"column":51}},"37":{"start":{"line":109,"column":0},"end":{"line":114,"column":1}},"38":{"start":{"line":110,"column":4},"end":{"line":110,"column":83}},"39":{"start":{"line":111,"column":4},"end":{"line":111,"column":55}},"40":{"start":{"line":113,"column":4},"end":{"line":113,"column":44}},"41":{"start":{"line":116,"column":0},"end":{"line":128,"column":1}},"42":{"start":{"line":117,"column":2},"end":{"line":117,"column":26}},"43":{"start":{"line":118,"column":2},"end":{"line":118,"column":20}},"44":{"start":{"line":119,"column":2},"end":{"line":119,"column":20}},"45":{"start":{"line":121,"column":2},"end":{"line":125,"column":3}},"46":{"start":{"line":122,"column":6},"end":{"line":122,"column":52}},"47":{"start":{"line":124,"column":6},"end":{"line":124,"column":42}},"48":{"start":{"line":127,"column":2},"end":{"line":127,"column":17}},"49":{"start":{"line":130,"column":0},"end":{"line":140,"column":1}},"50":{"start":{"line":131,"column":2},"end":{"line":139,"column":3}},"51":{"start":{"line":132,"column":6},"end":{"line":134,"column":7}},"52":{"start":{"line":133,"column":10},"end":{"line":133,"column":48}},"53":{"start":{"line":136,"column":6},"end":{"line":138,"column":7}},"54":{"start":{"line":137,"column":10},"end":{"line":137,"column":36}},"55":{"start":{"line":142,"column":0},"end":{"line":177,"column":1}},"56":{"start":{"line":143,"column":4},"end":{"line":176,"column":5}},"57":{"start":{"line":144,"column":8},"end":{"line":144,"column":35}},"58":{"start":{"line":145,"column":8},"end":{"line":145,"column":36}},"59":{"start":{"line":147,"column":8},"end":{"line":149,"column":9}},"60":{"start":{"line":148,"column":12},"end":{"line":148,"column":21}},"61":{"start":{"line":151,"column":8},"end":{"line":163,"column":9}},"62":{"start":{"line":152,"column":12},"end":{"line":152,"column":40}},"63":{"start":{"line":153,"column":12},"end":{"line":162,"column":13}},"64":{"start":{"line":154,"column":16},"end":{"line":154,"column":47}},"65":{"start":{"line":155,"column":16},"end":{"line":155,"column":48}},"66":{"start":{"line":156,"column":16},"end":{"line":161,"column":17}},"67":{"start":{"line":157,"column":20},"end":{"line":157,"column":42}},"68":{"start":{"line":158,"column":20},"end":{"line":160,"column":21}},"69":{"start":{"line":159,"column":24},"end":{"line":159,"column":49}},"70":{"start":{"line":165,"column":8},"end":{"line":165,"column":69}},"71":{"start":{"line":167,"column":8},"end":{"line":169,"column":9}},"72":{"start":{"line":168,"column":12},"end":{"line":168,"column":29}},"73":{"start":{"line":171,"column":8},"end":{"line":171,"column":33}},"74":{"start":{"line":173,"column":8},"end":{"line":173,"column":71}},"75":{"start":{"line":175,"column":8},"end":{"line":175,"column":15}},"76":{"start":{"line":179,"column":0},"end":{"line":234,"column":1}},"77":{"start":{"line":180,"column":4},"end":{"line":180,"column":60}},"78":{"start":{"line":181,"column":4},"end":{"line":189,"column":5}},"79":{"start":{"line":182,"column":8},"end":{"line":182,"column":51}},"80":{"start":{"line":183,"column":8},"end":{"line":187,"column":10}},"81":{"start":{"line":188,"column":8},"end":{"line":188,"column":15}},"82":{"start":{"line":191,"column":4},"end":{"line":193,"column":5}},"83":{"start":{"line":192,"column":8},"end":{"line":192,"column":26}},"84":{"start":{"line":195,"column":4},"end":{"line":195,"column":32}},"85":{"start":{"line":197,"column":4},"end":{"line":200,"column":5}},"86":{"start":{"line":198,"column":8},"end":{"line":198,"column":83}},"87":{"start":{"line":199,"column":8},"end":{"line":199,"column":15}},"88":{"start":{"line":202,"column":4},"end":{"line":202,"column":22}},"89":{"start":{"line":204,"column":4},"end":{"line":204,"column":33}},"90":{"start":{"line":206,"column":4},"end":{"line":233,"column":5}},"91":{"start":{"line":207,"column":8},"end":{"line":207,"column":32}},"92":{"start":{"line":208,"column":8},"end":{"line":208,"column":35}},"93":{"start":{"line":210,"column":8},"end":{"line":212,"column":9}},"94":{"start":{"line":211,"column":10},"end":{"line":211,"column":28}},"95":{"start":{"line":214,"column":8},"end":{"line":216,"column":9}},"96":{"start":{"line":215,"column":12},"end":{"line":215,"column":36}},"97":{"start":{"line":218,"column":8},"end":{"line":222,"column":9}},"98":{"start":{"line":219,"column":12},"end":{"line":219,"column":44}},"99":{"start":{"line":220,"column":12},"end":{"line":220,"column":29}},"100":{"start":{"line":221,"column":12},"end":{"line":221,"column":60}},"101":{"start":{"line":224,"column":8},"end":{"line":224,"column":36}},"102":{"start":{"line":226,"column":8},"end":{"line":226,"column":67}},"103":{"start":{"line":228,"column":8},"end":{"line":232,"column":10}},"104":{"start":{"line":236,"column":0},"end":{"line":241,"column":1}},"105":{"start":{"line":237,"column":4},"end":{"line":240,"column":6}},"106":{"start":{"line":243,"column":0},"end":{"line":297,"column":1}},"107":{"start":{"line":244,"column":4},"end":{"line":244,"column":30}},"108":{"start":{"line":246,"column":4},"end":{"line":248,"column":5}},"109":{"start":{"line":247,"column":8},"end":{"line":247,"column":49}},"110":{"start":{"line":250,"column":4},"end":{"line":250,"column":59}},"111":{"start":{"line":251,"column":4},"end":{"line":254,"column":6}},"112":{"start":{"line":256,"column":4},"end":{"line":263,"column":6}},"113":{"start":{"line":259,"column":12},"end":{"line":259,"column":48}},"114":{"start":{"line":261,"column":12},"end":{"line":261,"column":38}},"115":{"start":{"line":265,"column":4},"end":{"line":268,"column":6}},"116":{"start":{"line":270,"column":4},"end":{"line":287,"column":6}},"117":{"start":{"line":273,"column":12},"end":{"line":275,"column":13}},"118":{"start":{"line":274,"column":16},"end":{"line":274,"column":23}},"119":{"start":{"line":277,"column":12},"end":{"line":277,"column":78}},"120":{"start":{"line":278,"column":12},"end":{"line":278,"column":21}},"121":{"start":{"line":280,"column":12},"end":{"line":284,"column":13}},"122":{"start":{"line":281,"column":16},"end":{"line":281,"column":58}},"123":{"start":{"line":283,"column":16},"end":{"line":283,"column":36}},"124":{"start":{"line":285,"column":12},"end":{"line":285,"column":43}},"125":{"start":{"line":289,"column":4},"end":{"line":292,"column":6}},"126":{"start":{"line":294,"column":4},"end":{"line":296,"column":5}},"127":{"start":{"line":295,"column":8},"end":{"line":295,"column":15}},"128":{"start":{"line":299,"column":0},"end":{"line":380,"column":1}},"129":{"start":{"line":300,"column":4},"end":{"line":303,"column":6}},"130":{"start":{"line":305,"column":4},"end":{"line":325,"column":5}},"131":{"start":{"line":306,"column":8},"end":{"line":306,"column":56}},"132":{"start":{"line":307,"column":8},"end":{"line":313,"column":9}},"133":{"start":{"line":308,"column":12},"end":{"line":310,"column":14}},"134":{"start":{"line":312,"column":12},"end":{"line":312,"column":40}},"135":{"start":{"line":315,"column":8},"end":{"line":317,"column":10}},"136":{"start":{"line":318,"column":8},"end":{"line":318,"column":46}},"137":{"start":{"line":319,"column":8},"end":{"line":324,"column":10}},"138":{"start":{"line":322,"column":16},"end":{"line":322,"column":54}},"139":{"start":{"line":327,"column":4},"end":{"line":337,"column":6}},"140":{"start":{"line":330,"column":12},"end":{"line":330,"column":41}},"141":{"start":{"line":332,"column":12},"end":{"line":335,"column":14}},"142":{"start":{"line":339,"column":4},"end":{"line":339,"column":58}},"143":{"start":{"line":341,"column":4},"end":{"line":355,"column":5}},"144":{"start":{"line":342,"column":8},"end":{"line":342,"column":65}},"145":{"start":{"line":343,"column":8},"end":{"line":347,"column":9}},"146":{"start":{"line":344,"column":12},"end":{"line":344,"column":53}},"147":{"start":{"line":345,"column":12},"end":{"line":345,"column":54}},"148":{"start":{"line":346,"column":12},"end":{"line":346,"column":51}},"149":{"start":{"line":349,"column":8},"end":{"line":352,"column":10}},"150":{"start":{"line":354,"column":8},"end":{"line":354,"column":15}},"151":{"start":{"line":357,"column":4},"end":{"line":365,"column":5}},"152":{"start":{"line":358,"column":8},"end":{"line":358,"column":70}},"153":{"start":{"line":359,"column":8},"end":{"line":363,"column":10}},"154":{"start":{"line":364,"column":8},"end":{"line":364,"column":15}},"155":{"start":{"line":367,"column":4},"end":{"line":367,"column":64}},"156":{"start":{"line":369,"column":4},"end":{"line":372,"column":6}},"157":{"start":{"line":374,"column":4},"end":{"line":379,"column":6}},"158":{"start":{"line":382,"column":0},"end":{"line":412,"column":1}},"159":{"start":{"line":383,"column":4},"end":{"line":383,"column":52}},"160":{"start":{"line":384,"column":4},"end":{"line":388,"column":5}},"161":{"start":{"line":385,"column":8},"end":{"line":385,"column":69}},"162":{"start":{"line":387,"column":8},"end":{"line":387,"column":103}},"163":{"start":{"line":389,"column":4},"end":{"line":393,"column":5}},"164":{"start":{"line":390,"column":8},"end":{"line":390,"column":69}},"165":{"start":{"line":392,"column":8},"end":{"line":392,"column":96}},"166":{"start":{"line":394,"column":4},"end":{"line":396,"column":5}},"167":{"start":{"line":395,"column":8},"end":{"line":395,"column":73}},"168":{"start":{"line":397,"column":4},"end":{"line":407,"column":5}},"169":{"start":{"line":398,"column":8},"end":{"line":400,"column":9}},"170":{"start":{"line":399,"column":12},"end":{"line":399,"column":84}},"171":{"start":{"line":401,"column":8},"end":{"line":401,"column":30}},"172":{"start":{"line":402,"column":8},"end":{"line":406,"column":9}},"173":{"start":{"line":403,"column":12},"end":{"line":405,"column":14}},"174":{"start":{"line":408,"column":4},"end":{"line":411,"column":6}},"175":{"start":{"line":414,"column":0},"end":{"line":434,"column":1}},"176":{"start":{"line":415,"column":4},"end":{"line":415,"column":55}},"177":{"start":{"line":416,"column":4},"end":{"line":433,"column":6}},"178":{"start":{"line":423,"column":12},"end":{"line":431,"column":13}},"179":{"start":{"line":424,"column":16},"end":{"line":424,"column":61}},"180":{"start":{"line":425,"column":16},"end":{"line":430,"column":18}},"181":{"start":{"line":428,"column":24},"end":{"line":428,"column":50}},"182":{"start":{"line":436,"column":0},"end":{"line":436,"column":22}}},"branchMap":{"1":{"line":11,"type":"if","locations":[{"start":{"line":11,"column":0},"end":{"line":11,"column":0}},{"start":{"line":11,"column":0},"end":{"line":11,"column":0}}]},"2":{"line":57,"type":"if","locations":[{"start":{"line":57,"column":8},"end":{"line":57,"column":8}},{"start":{"line":57,"column":8},"end":{"line":57,"column":8}}]},"3":{"line":76,"type":"if","locations":[{"start":{"line":76,"column":4},"end":{"line":76,"column":4}},{"start":{"line":76,"column":4},"end":{"line":76,"column":4}}]},"4":{"line":84,"type":"if","locations":[{"start":{"line":84,"column":4},"end":{"line":84,"column":4}},{"start":{"line":84,"column":4},"end":{"line":84,"column":4}}]},"5":{"line":84,"type":"binary-expr","locations":[{"start":{"line":84,"column":8},"end":{"line":84,"column":17}},{"start":{"line":84,"column":21},"end":{"line":84,"column":30}}]},"6":{"line":86,"type":"if","locations":[{"start":{"line":86,"column":8},"end":{"line":86,"column":8}},{"start":{"line":86,"column":8},"end":{"line":86,"column":8}}]},"7":{"line":86,"type":"binary-expr","locations":[{"start":{"line":86,"column":12},"end":{"line":86,"column":27}},{"start":{"line":86,"column":31},"end":{"line":86,"column":43}}]},"8":{"line":103,"type":"cond-expr","locations":[{"start":{"line":103,"column":100},"end":{"line":103,"column":109}},{"start":{"line":103,"column":110},"end":{"line":103,"column":112}}]},"9":{"line":121,"type":"if","locations":[{"start":{"line":121,"column":2},"end":{"line":121,"column":2}},{"start":{"line":121,"column":2},"end":{"line":121,"column":2}}]},"10":{"line":131,"type":"if","locations":[{"start":{"line":131,"column":2},"end":{"line":131,"column":2}},{"start":{"line":131,"column":2},"end":{"line":131,"column":2}}]},"11":{"line":131,"type":"binary-expr","locations":[{"start":{"line":131,"column":5},"end":{"line":131,"column":14}},{"start":{"line":131,"column":18},"end":{"line":131,"column":27}}]},"12":{"line":147,"type":"if","locations":[{"start":{"line":147,"column":8},"end":{"line":147,"column":8}},{"start":{"line":147,"column":8},"end":{"line":147,"column":8}}]},"13":{"line":147,"type":"binary-expr","locations":[{"start":{"line":147,"column":11},"end":{"line":147,"column":17}},{"start":{"line":147,"column":21},"end":{"line":147,"column":36}}]},"14":{"line":151,"type":"if","locations":[{"start":{"line":151,"column":8},"end":{"line":151,"column":8}},{"start":{"line":151,"column":8},"end":{"line":151,"column":8}}]},"15":{"line":153,"type":"if","locations":[{"start":{"line":153,"column":12},"end":{"line":153,"column":12}},{"start":{"line":153,"column":12},"end":{"line":153,"column":12}}]},"16":{"line":156,"type":"if","locations":[{"start":{"line":156,"column":16},"end":{"line":156,"column":16}},{"start":{"line":156,"column":16},"end":{"line":156,"column":16}}]},"17":{"line":158,"type":"if","locations":[{"start":{"line":158,"column":20},"end":{"line":158,"column":20}},{"start":{"line":158,"column":20},"end":{"line":158,"column":20}}]},"18":{"line":167,"type":"if","locations":[{"start":{"line":167,"column":8},"end":{"line":167,"column":8}},{"start":{"line":167,"column":8},"end":{"line":167,"column":8}}]},"19":{"line":167,"type":"binary-expr","locations":[{"start":{"line":167,"column":11},"end":{"line":167,"column":17}},{"start":{"line":167,"column":21},"end":{"line":167,"column":35}}]},"20":{"line":180,"type":"cond-expr","locations":[{"start":{"line":180,"column":40},"end":{"line":180,"column":49}},{"start":{"line":180,"column":52},"end":{"line":180,"column":58}}]},"21":{"line":180,"type":"binary-expr","locations":[{"start":{"line":180,"column":15},"end":{"line":180,"column":24}},{"start":{"line":180,"column":28},"end":{"line":180,"column":37}}]},"22":{"line":181,"type":"if","locations":[{"start":{"line":181,"column":4},"end":{"line":181,"column":4}},{"start":{"line":181,"column":4},"end":{"line":181,"column":4}}]},"23":{"line":191,"type":"if","locations":[{"start":{"line":191,"column":4},"end":{"line":191,"column":4}},{"start":{"line":191,"column":4},"end":{"line":191,"column":4}}]},"24":{"line":197,"type":"if","locations":[{"start":{"line":197,"column":4},"end":{"line":197,"column":4}},{"start":{"line":197,"column":4},"end":{"line":197,"column":4}}]},"25":{"line":197,"type":"binary-expr","locations":[{"start":{"line":197,"column":7},"end":{"line":197,"column":44}},{"start":{"line":197,"column":48},"end":{"line":197,"column":89}}]},"26":{"line":210,"type":"if","locations":[{"start":{"line":210,"column":8},"end":{"line":210,"column":8}},{"start":{"line":210,"column":8},"end":{"line":210,"column":8}}]},"27":{"line":214,"type":"if","locations":[{"start":{"line":214,"column":8},"end":{"line":214,"column":8}},{"start":{"line":214,"column":8},"end":{"line":214,"column":8}}]},"28":{"line":214,"type":"binary-expr","locations":[{"start":{"line":214,"column":12},"end":{"line":214,"column":24}},{"start":{"line":214,"column":28},"end":{"line":214,"column":43}}]},"29":{"line":218,"type":"if","locations":[{"start":{"line":218,"column":8},"end":{"line":218,"column":8}},{"start":{"line":218,"column":8},"end":{"line":218,"column":8}}]},"30":{"line":246,"type":"if","locations":[{"start":{"line":246,"column":4},"end":{"line":246,"column":4}},{"start":{"line":246,"column":4},"end":{"line":246,"column":4}}]},"31":{"line":273,"type":"if","locations":[{"start":{"line":273,"column":12},"end":{"line":273,"column":12}},{"start":{"line":273,"column":12},"end":{"line":273,"column":12}}]},"32":{"line":280,"type":"if","locations":[{"start":{"line":280,"column":12},"end":{"line":280,"column":12}},{"start":{"line":280,"column":12},"end":{"line":280,"column":12}}]},"33":{"line":294,"type":"if","locations":[{"start":{"line":294,"column":4},"end":{"line":294,"column":4}},{"start":{"line":294,"column":4},"end":{"line":294,"column":4}}]},"34":{"line":302,"type":"cond-expr","locations":[{"start":{"line":302,"column":21},"end":{"line":302,"column":36}},{"start":{"line":302,"column":37},"end":{"line":302,"column":39}}]},"35":{"line":305,"type":"if","locations":[{"start":{"line":305,"column":4},"end":{"line":305,"column":4}},{"start":{"line":305,"column":4},"end":{"line":305,"column":4}}]},"36":{"line":305,"type":"binary-expr","locations":[{"start":{"line":305,"column":7},"end":{"line":305,"column":17}},{"start":{"line":305,"column":21},"end":{"line":305,"column":31}}]},"37":{"line":307,"type":"if","locations":[{"start":{"line":307,"column":8},"end":{"line":307,"column":8}},{"start":{"line":307,"column":8},"end":{"line":307,"column":8}}]},"38":{"line":316,"type":"cond-expr","locations":[{"start":{"line":316,"column":26},"end":{"line":316,"column":32}},{"start":{"line":316,"column":33},"end":{"line":316,"column":39}}]},"39":{"line":341,"type":"if","locations":[{"start":{"line":341,"column":4},"end":{"line":341,"column":4}},{"start":{"line":341,"column":4},"end":{"line":341,"column":4}}]},"40":{"line":343,"type":"if","locations":[{"start":{"line":343,"column":8},"end":{"line":343,"column":8}},{"start":{"line":343,"column":8},"end":{"line":343,"column":8}}]},"41":{"line":357,"type":"if","locations":[{"start":{"line":357,"column":4},"end":{"line":357,"column":4}},{"start":{"line":357,"column":4},"end":{"line":357,"column":4}}]},"42":{"line":357,"type":"binary-expr","locations":[{"start":{"line":357,"column":7},"end":{"line":357,"column":17}},{"start":{"line":357,"column":21},"end":{"line":357,"column":31}}]},"43":{"line":358,"type":"cond-expr","locations":[{"start":{"line":358,"column":56},"end":{"line":358,"column":61}},{"start":{"line":358,"column":62},"end":{"line":358,"column":67}}]},"44":{"line":367,"type":"cond-expr","locations":[{"start":{"line":367,"column":48},"end":{"line":367,"column":54}},{"start":{"line":367,"column":55},"end":{"line":367,"column":61}}]},"45":{"line":384,"type":"if","locations":[{"start":{"line":384,"column":4},"end":{"line":384,"column":4}},{"start":{"line":384,"column":4},"end":{"line":384,"column":4}}]},"46":{"line":389,"type":"if","locations":[{"start":{"line":389,"column":4},"end":{"line":389,"column":4}},{"start":{"line":389,"column":4},"end":{"line":389,"column":4}}]},"47":{"line":394,"type":"if","locations":[{"start":{"line":394,"column":4},"end":{"line":394,"column":4}},{"start":{"line":394,"column":4},"end":{"line":394,"column":4}}]},"48":{"line":397,"type":"if","locations":[{"start":{"line":397,"column":4},"end":{"line":397,"column":4}},{"start":{"line":397,"column":4},"end":{"line":397,"column":4}}]},"49":{"line":398,"type":"if","locations":[{"start":{"line":398,"column":8},"end":{"line":398,"column":8}},{"start":{"line":398,"column":8},"end":{"line":398,"column":8}}]},"50":{"line":423,"type":"if","locations":[{"start":{"line":423,"column":12},"end":{"line":423,"column":12}},{"start":{"line":423,"column":12},"end":{"line":423,"column":12}}]}}}}