TN:
SF:/home/diginow/git/node-ipc/node-ipc.js
FN:6,(anonymous_1)
FNF:1
FNH:1
FNDA:1,(anonymous_1)
DA:3,1
DA:7,1
DA:9,1
DA:21,1
LF:4
LH:4
BRF:0
BRH:0
end_of_record
TN:
SF:/home/diginow/git/node-ipc/services/IPC.js
FN:9,(anonymous_1)
FN:64,log
FN:90,disconnect
FN:107,serve
FN:137,emptyCallback
FN:141,serveNet
FN:218,connect
FN:267,connectNet
FNF:8
FNH:7
FNDA:1,(anonymous_1)
FNDA:122,log
FNDA:7,disconnect
FNDA:1,serve
FNDA:0,emptyCallback
FNDA:3,serveNet
FNDA:4,connect
FNDA:3,connectNet
DA:3,1
DA:10,1
DA:64,1
DA:65,122
DA:66,0
DA:69,122
DA:71,122
DA:72,392
DA:73,355
DA:76,37
DA:85,122
DA:90,1
DA:91,7
DA:92,0
DA:95,7
DA:97,7
DA:98,7
DA:99,7
DA:100,7
DA:104,7
DA:107,1
DA:108,1
DA:109,0
DA:110,0
DA:112,1
DA:113,0
DA:118,0
DA:121,1
DA:122,0
DA:125,1
DA:131,1
DA:137,1
DA:141,1
DA:142,3
DA:143,1
DA:144,1
DA:145,1
DA:146,1
DA:148,3
DA:149,1
DA:150,1
DA:151,1
DA:152,1
DA:154,3
DA:155,2
DA:160,2
DA:162,3
DA:163,0
DA:164,0
DA:165,0
DA:166,0
DA:169,3
DA:170,0
DA:171,0
DA:172,0
DA:174,3
DA:175,0
DA:176,0
DA:177,0
DA:179,3
DA:180,1
DA:185,1
DA:188,3
DA:189,0
DA:190,0
DA:193,3
DA:194,0
DA:197,3
DA:204,3
DA:205,2
DA:206,2
DA:208,0
DA:212,3
DA:218,1
DA:219,4
DA:220,2
DA:221,2
DA:224,4
DA:225,0
DA:228,4
DA:229,0
DA:233,0
DA:236,4
DA:237,2
DA:242,2
DA:245,4
DA:246,0
DA:247,0
DA:252,0
DA:253,0
DA:255,0
DA:258,4
DA:259,4
DA:260,4
DA:262,4
DA:264,4
DA:267,1
DA:268,3
DA:269,0
DA:273,0
DA:275,3
DA:276,3
DA:277,3
DA:278,3
DA:280,3
DA:281,0
DA:282,0
DA:283,0
DA:285,3
DA:286,3
DA:291,3
DA:294,3
DA:295,0
DA:296,0
DA:298,3
DA:299,0
DA:304,0
DA:307,3
DA:308,0
DA:309,0
DA:311,3
DA:312,0
DA:315,3
DA:316,0
DA:317,0
DA:322,0
DA:323,0
DA:325,0
DA:328,3
DA:329,3
DA:330,3
DA:331,3
DA:333,3
DA:335,3
DA:338,1
LF:135
LH:89
BRDA:65,1,0,0
BRDA:65,1,1,122
BRDA:72,2,0,355
BRDA:72,2,1,37
BRDA:91,3,0,0
BRDA:91,3,1,7
BRDA:98,4,0,7
BRDA:98,4,1,0
BRDA:99,5,0,7
BRDA:99,5,1,0
BRDA:108,6,0,0
BRDA:108,6,1,1
BRDA:112,7,0,0
BRDA:112,7,1,1
BRDA:121,8,0,0
BRDA:121,8,1,1
BRDA:142,9,0,1
BRDA:142,9,1,2
BRDA:148,10,0,1
BRDA:148,10,1,2
BRDA:154,11,0,2
BRDA:154,11,1,1
BRDA:162,12,0,0
BRDA:162,12,1,3
BRDA:162,13,0,3
BRDA:162,13,1,3
BRDA:169,14,0,0
BRDA:169,14,1,3
BRDA:174,15,0,0
BRDA:174,15,1,3
BRDA:179,16,0,1
BRDA:179,16,1,2
BRDA:188,17,0,0
BRDA:188,17,1,3
BRDA:193,18,0,0
BRDA:193,18,1,3
BRDA:204,19,0,2
BRDA:204,19,1,1
BRDA:206,20,0,0
BRDA:206,20,1,2
BRDA:206,21,0,2
BRDA:206,21,1,1
BRDA:219,22,0,2
BRDA:219,22,1,2
BRDA:224,23,0,0
BRDA:224,23,1,4
BRDA:228,24,0,0
BRDA:228,24,1,4
BRDA:236,25,0,2
BRDA:236,25,1,2
BRDA:245,26,0,0
BRDA:245,26,1,4
BRDA:246,27,0,0
BRDA:246,27,1,0
BRDA:268,28,0,0
BRDA:268,28,1,3
BRDA:275,29,0,3
BRDA:275,29,1,0
BRDA:280,30,0,0
BRDA:280,30,1,3
BRDA:285,31,0,3
BRDA:285,31,1,0
BRDA:294,32,0,0
BRDA:294,32,1,3
BRDA:298,33,0,0
BRDA:298,33,1,3
BRDA:307,34,0,0
BRDA:307,34,1,3
BRDA:311,35,0,0
BRDA:311,35,1,3
BRDA:315,36,0,0
BRDA:315,36,1,3
BRDA:316,37,0,0
BRDA:316,37,1,0
BRF:74
BRH:45
end_of_record
TN:
SF:/home/diginow/git/node-ipc/entities/Defaults.js
FN:22,(anonymous_1)
FN:65,getIPType
FNF:2
FNH:2
FNDA:3,(anonymous_1)
FNDA:3,getIPType
DA:9,1
DA:24,3
DA:25,3
DA:26,3
DA:28,3
DA:29,3
DA:30,3
DA:32,3
DA:34,3
DA:35,3
DA:36,3
DA:37,3
DA:39,3
DA:40,3
DA:41,3
DA:42,3
DA:44,3
DA:45,3
DA:46,3
DA:47,3
DA:49,3
DA:65,1
DA:66,3
DA:67,3
DA:68,3
DA:72,0
DA:76,3
DA:79,1
LF:28
LH:27
BRDA:46,1,0,0
BRDA:46,1,1,3
BRDA:68,2,0,0
BRDA:68,2,1,3
BRDA:68,3,0,3
BRDA:68,3,1,3
BRDA:68,3,2,0
BRF:7
BRH:4
end_of_record
TN:
SF:/home/diginow/git/node-ipc/dao/client.js
FN:18,(anonymous_1)
FN:39,emit
FN:62,syncEmit
FN:67,connect
FN:150,(anonymous_5)
FN:159,connectionMade
FN:168,connectionClosed
FN:194,retryTimeout
FN:207,(anonymous_9)
FNF:9
FNH:9
FNDA:7,(anonymous_1)
FNDA:7,emit
FNDA:6,syncEmit
FNDA:13,connect
FNDA:10,(anonymous_5)
FNDA:3,connectionMade
FNDA:13,connectionClosed
FNDA:6,retryTimeout
FNDA:7,(anonymous_9)
DA:3,1
DA:10,1
DA:11,1
DA:12,1
DA:15,1
DA:19,7
DA:20,7
DA:35,7
DA:39,1
DA:40,7
DA:42,7
DA:43,7
DA:44,7
DA:46,7
DA:47,0
DA:49,7
DA:52,7
DA:53,1
DA:54,1
DA:57,6
DA:62,1
DA:63,6
DA:64,6
DA:67,1
DA:69,13
DA:71,13
DA:72,13
DA:73,0
DA:74,0
DA:77,13
DA:79,13
DA:80,7
DA:82,7
DA:84,7
DA:85,0
DA:86,0
DA:87,0
DA:90,7
DA:92,6
DA:93,6
DA:95,6
DA:96,0
DA:99,6
DA:100,0
DA:103,6
DA:104,0
DA:107,6
DA:108,0
DA:111,6
DA:112,0
DA:115,6
DA:116,6
DA:117,6
DA:119,0
DA:120,0
DA:121,0
DA:123,0
DA:124,0
DA:126,0
DA:127,0
DA:128,0
DA:130,0
DA:131,0
DA:132,0
DA:138,0
DA:140,0
DA:146,13
DA:148,13
DA:151,10
DA:152,10
DA:157,13
DA:160,3
DA:161,3
DA:162,3
DA:166,13
DA:169,13
DA:173,13
DA:179,7
DA:180,7
DA:186,7
DA:187,7
DA:188,7
DA:190,7
DA:193,6
DA:195,6
DA:196,6
DA:201,6
DA:205,13
DA:208,7
DA:209,7
DA:210,0
DA:214,0
DA:215,0
DA:218,0
DA:219,0
DA:222,7
DA:223,7
DA:226,7
DA:228,7
DA:229,0
DA:230,0
DA:233,7
DA:235,7
DA:236,7
DA:237,7
DA:238,7
DA:239,7
DA:241,7
DA:242,7
DA:248,7
DA:249,0
DA:252,7
DA:257,1
LF:113
LH:81
BRDA:11,1,0,1
BRDA:11,1,1,0
BRDA:30,2,0,7
BRDA:30,2,1,0
BRDA:46,3,0,0
BRDA:46,3,1,7
BRDA:52,4,0,1
BRDA:52,4,1,6
BRDA:72,5,0,0
BRDA:72,5,1,13
BRDA:79,6,0,7
BRDA:79,6,1,6
BRDA:84,7,0,0
BRDA:84,7,1,7
BRDA:84,8,0,7
BRDA:84,8,1,0
BRDA:95,9,0,0
BRDA:95,9,1,6
BRDA:99,10,0,0
BRDA:99,10,1,6
BRDA:103,11,0,0
BRDA:103,11,1,6
BRDA:107,12,0,0
BRDA:107,12,1,6
BRDA:111,13,0,0
BRDA:111,13,1,6
BRDA:115,14,0,6
BRDA:115,14,1,0
BRDA:120,15,0,0
BRDA:120,15,1,0
BRDA:123,16,0,0
BRDA:123,16,1,0
BRDA:126,17,0,0
BRDA:126,17,1,0
BRDA:127,18,0,0
BRDA:127,18,1,0
BRDA:173,19,0,7
BRDA:173,19,1,6
BRDA:174,20,0,13
BRDA:174,20,1,8
BRDA:174,20,2,6
BRDA:209,21,0,0
BRDA:209,21,1,7
BRDA:214,22,0,0
BRDA:214,22,1,0
BRDA:222,23,0,7
BRDA:222,23,1,0
BRDA:228,24,0,0
BRDA:228,24,1,7
BRDA:228,25,0,7
BRDA:228,25,1,7
BRDA:248,26,0,0
BRDA:248,26,1,7
BRF:53
BRH:27
end_of_record
TN:
SF:/home/diginow/git/node-ipc/entities/EventParser.js
FN:6,(anonymous_1)
FN:13,(anonymous_2)
FN:25,(anonymous_3)
FNF:3
FNH:3
FNDA:13,(anonymous_1)
FNDA:12,(anonymous_2)
FNDA:12,(anonymous_3)
DA:3,1
DA:7,13
DA:8,2
DA:10,13
DA:14,12
DA:15,3
DA:17,12
DA:18,0
DA:21,12
DA:22,12
DA:26,12
DA:27,12
DA:28,12
DA:32,1
LF:14
LH:13
BRDA:7,1,0,2
BRDA:7,1,1,11
BRDA:14,2,0,3
BRDA:14,2,1,9
BRDA:14,3,0,12
BRDA:14,3,1,3
BRDA:14,3,2,3
BRDA:17,4,0,0
BRDA:17,4,1,12
BRF:9
BRH:8
end_of_record
TN:
SF:/home/diginow/git/node-ipc/dao/socketServer.js
FN:18,(anonymous_1)
FN:45,(anonymous_2)
FN:52,(anonymous_3)
FN:56,(anonymous_4)
FN:69,emit
FN:102,broadcast
FN:109,broadcastGroup
FN:116,buildBroadcast
FN:130,sendBroadcast
FN:142,serverClosed
FN:179,gotData
FN:236,socketClosed
FN:243,serverCreated
FN:258,(anonymous_14)
FN:272,(anonymous_15)
FN:299,startServer
FN:321,UDPServerStarted
FN:329,(anonymous_18)
FN:382,startTLSServer
FN:414,UDPWrite
FN:422,(anonymous_21)
FN:427,(anonymous_22)
FNF:22
FNH:18
FNDA:4,(anonymous_1)
FNDA:4,(anonymous_2)
FNDA:4,(anonymous_3)
FNDA:4,(anonymous_4)
FNDA:3,emit
FNDA:1,broadcast
FNDA:1,broadcastGroup
FNDA:2,buildBroadcast
FNDA:2,sendBroadcast
FNDA:2,serverClosed
FNDA:5,gotData
FNDA:2,socketClosed
FNDA:4,serverCreated
FNDA:0,(anonymous_14)
FNDA:2,(anonymous_15)
FNDA:4,startServer
FNDA:2,UDPServerStarted
FNDA:0,(anonymous_18)
FNDA:0,startTLSServer
FNDA:2,UDPWrite
FNDA:2,(anonymous_21)
FNDA:0,(anonymous_22)
DA:3,1
DA:10,1
DA:11,1
DA:12,1
DA:15,1
DA:19,4
DA:20,4
DA:37,4
DA:39,4
DA:46,4
DA:53,4
DA:57,4
DA:58,0
DA:59,0
DA:62,4
DA:69,1
DA:70,3
DA:72,3
DA:73,3
DA:74,3
DA:76,3
DA:77,0
DA:78,0
DA:80,3
DA:84,3
DA:86,2
DA:87,0
DA:88,0
DA:89,0
DA:92,2
DA:96,2
DA:99,1
DA:102,1
DA:103,1
DA:104,1
DA:106,1
DA:109,1
DA:110,1
DA:111,1
DA:113,1
DA:116,1
DA:117,2
DA:118,2
DA:119,2
DA:121,2
DA:122,0
DA:124,2
DA:127,2
DA:130,1
DA:131,2
DA:132,0
DA:133,0
DA:136,2
DA:137,3
DA:142,1
DA:143,2
DA:144,2
DA:145,2
DA:147,2
DA:148,0
DA:151,2
DA:152,0
DA:153,0
DA:154,0
DA:155,0
DA:156,0
DA:157,0
DA:158,0
DA:159,0
DA:165,2
DA:167,2
DA:168,0
DA:171,2
DA:173,2
DA:175,2
DA:179,1
DA:180,5
DA:181,5
DA:182,0
DA:183,0
DA:188,0
DA:191,5
DA:192,5
DA:195,5
DA:197,5
DA:198,0
DA:199,0
DA:202,5
DA:204,5
DA:206,5
DA:207,5
DA:208,5
DA:210,5
DA:211,3
DA:214,5
DA:215,2
DA:218,5
DA:219,3
DA:220,3
DA:221,3
DA:224,5
DA:226,5
DA:228,5
DA:236,1
DA:237,2
DA:243,1
DA:244,4
DA:246,4
DA:247,2
DA:250,4
DA:251,4
DA:256,4
DA:259,0
DA:261,0
DA:265,4
DA:270,4
DA:273,2
DA:274,0
DA:277,2
DA:278,2
DA:280,2
DA:281,0
DA:283,2
DA:285,2
DA:289,4
DA:294,4
DA:295,0
DA:299,1
DA:300,4
DA:305,4
DA:306,2
DA:307,2
DA:308,2
DA:312,0
DA:315,2
DA:318,2
DA:319,2
DA:322,2
DA:327,4
DA:330,0
DA:332,0
DA:339,4
DA:341,4
DA:342,1
DA:343,1
DA:344,0
DA:345,0
DA:346,0
DA:349,1
DA:354,1
DA:357,3
DA:358,1
DA:359,1
DA:364,1
DA:367,2
DA:369,2
DA:374,2
DA:382,1
DA:383,0
DA:384,0
DA:385,0
DA:387,0
DA:389,0
DA:390,0
DA:392,0
DA:394,0
DA:395,0
DA:397,0
DA:398,0
DA:399,0
DA:401,0
DA:402,0
DA:403,0
DA:408,0
DA:414,1
DA:415,2
DA:416,2
DA:423,2
DA:424,0
DA:425,0
DA:428,0
DA:436,1
LF:182
LH:127
BRDA:11,1,0,1
BRDA:11,1,1,0
BRDA:57,2,0,0
BRDA:57,2,1,4
BRDA:76,3,0,0
BRDA:76,3,1,3
BRDA:84,4,0,2
BRDA:84,4,1,1
BRDA:84,5,0,3
BRDA:84,5,1,2
BRDA:86,6,0,0
BRDA:86,6,1,2
BRDA:86,7,0,2
BRDA:86,7,1,2
BRDA:103,8,0,1
BRDA:103,8,1,0
BRDA:121,9,0,0
BRDA:121,9,1,2
BRDA:131,10,0,0
BRDA:131,10,1,2
BRDA:131,11,0,2
BRDA:131,11,1,2
BRDA:147,12,0,0
BRDA:147,12,1,2
BRDA:147,13,0,2
BRDA:147,13,1,2
BRDA:151,14,0,0
BRDA:151,14,1,2
BRDA:153,15,0,0
BRDA:153,15,1,0
BRDA:156,16,0,0
BRDA:156,16,1,0
BRDA:158,17,0,0
BRDA:158,17,1,0
BRDA:167,18,0,0
BRDA:167,18,1,2
BRDA:167,19,0,2
BRDA:167,19,1,2
BRDA:180,20,0,2
BRDA:180,20,1,3
BRDA:180,21,0,5
BRDA:180,21,1,4
BRDA:181,22,0,0
BRDA:181,22,1,5
BRDA:191,23,0,5
BRDA:191,23,1,0
BRDA:197,24,0,0
BRDA:197,24,1,5
BRDA:197,25,0,5
BRDA:197,25,1,5
BRDA:210,26,0,3
BRDA:210,26,1,2
BRDA:214,27,0,2
BRDA:214,27,1,3
BRDA:214,28,0,5
BRDA:214,28,1,5
BRDA:218,29,0,3
BRDA:218,29,1,2
BRDA:246,30,0,2
BRDA:246,30,1,2
BRDA:273,31,0,0
BRDA:273,31,1,2
BRDA:280,32,0,0
BRDA:280,32,1,2
BRDA:294,33,0,0
BRDA:294,33,1,4
BRDA:302,34,0,3
BRDA:302,34,1,1
BRDA:305,35,0,2
BRDA:305,35,1,2
BRDA:305,36,0,4
BRDA:305,36,1,3
BRDA:307,37,0,2
BRDA:307,37,1,0
BRDA:316,38,0,1
BRDA:316,38,1,1
BRDA:341,39,0,1
BRDA:341,39,1,3
BRDA:343,40,0,0
BRDA:343,40,1,1
BRDA:357,41,0,1
BRDA:357,41,1,2
BRDA:357,42,0,3
BRDA:357,42,1,2
BRDA:358,43,0,0
BRDA:358,43,1,1
BRDA:367,44,0,1
BRDA:367,44,1,1
BRDA:384,45,0,0
BRDA:384,45,1,0
BRDA:389,46,0,0
BRDA:389,46,1,0
BRDA:394,47,0,0
BRDA:394,47,1,0
BRDA:397,48,0,0
BRDA:397,48,1,0
BRDA:398,49,0,0
BRDA:398,49,1,0
BRDA:423,50,0,0
BRDA:423,50,1,2
BRF:100
BRH:64
end_of_record
